[2019-12-26 14:18:19] production.ERROR: Please provide a valid cache path. {"exception":"[object] (InvalidArgumentException(code: 0): Please provide a valid cache path. at D:\\Projects\\budget-forecaster\\vendor\\laravel\\framework\\src\\Illuminate\\View\\Compilers\\Compiler.php:36)
[stacktrace]
#0 D:\\Projects\\budget-forecaster\\vendor\\laravel\\framework\\src\\Illuminate\\View\\ViewServiceProvider.php(141): Illuminate\\View\\Compilers\\Compiler->__construct(Object(Illuminate\\Filesystem\\Filesystem), false)
#1 D:\\Projects\\budget-forecaster\\vendor\\laravel\\framework\\src\\Illuminate\\Container\\Container.php(799): Illuminate\\View\\ViewServiceProvider->Illuminate\\View\\{closure}(Object(Illuminate\\Foundation\\Application), Array)
#2 D:\\Projects\\budget-forecaster\\vendor\\laravel\\framework\\src\\Illuminate\\Container\\Container.php(681): Illuminate\\Container\\Container->build(Object(Closure))
#3 D:\\Projects\\budget-forecaster\\vendor\\laravel\\framework\\src\\Illuminate\\Container\\Container.php(629): Illuminate\\Container\\Container->resolve('blade.compiler', Array)
#4 D:\\Projects\\budget-forecaster\\vendor\\laravel\\framework\\src\\Illuminate\\Foundation\\Application.php(769): Illuminate\\Container\\Container->make('blade.compiler', Array)
#5 D:\\Projects\\budget-forecaster\\vendor\\laravel\\framework\\src\\Illuminate\\Container\\Container.php(1245): Illuminate\\Foundation\\Application->make('blade.compiler')
#6 D:\\Projects\\budget-forecaster\\vendor\\laravel\\framework\\src\\Illuminate\\View\\ViewServiceProvider.php(146): Illuminate\\Container\\Container->offsetGet('blade.compiler')
#7 [internal function]: Illuminate\\View\\ViewServiceProvider->Illuminate\\View\\{closure}()
#8 D:\\Projects\\budget-forecaster\\vendor\\laravel\\framework\\src\\Illuminate\\View\\Engines\\EngineResolver.php(55): call_user_func(Object(Closure))
#9 D:\\Projects\\budget-forecaster\\vendor\\facade\\ignition\\src\\IgnitionServiceProvider.php(375): Illuminate\\View\\Engines\\EngineResolver->resolve('blade')
#10 D:\\Projects\\budget-forecaster\\vendor\\facade\\ignition\\src\\IgnitionServiceProvider.php(117): Facade\\Ignition\\IgnitionServiceProvider->hasCustomViewEnginesRegistered()
#11 D:\\Projects\\budget-forecaster\\vendor\\facade\\ignition\\src\\IgnitionServiceProvider.php(79): Facade\\Ignition\\IgnitionServiceProvider->registerViewEngines()
#12 [internal function]: Facade\\Ignition\\IgnitionServiceProvider->boot()
#13 D:\\Projects\\budget-forecaster\\vendor\\laravel\\framework\\src\\Illuminate\\Container\\BoundMethod.php(32): call_user_func_array(Array, Array)
#14 D:\\Projects\\budget-forecaster\\vendor\\laravel\\framework\\src\\Illuminate\\Container\\Util.php(36): Illuminate\\Container\\BoundMethod::Illuminate\\Container\\{closure}()
#15 D:\\Projects\\budget-forecaster\\vendor\\laravel\\framework\\src\\Illuminate\\Container\\BoundMethod.php(90): Illuminate\\Container\\Util::unwrapIfClosure(Object(Closure))
#16 D:\\Projects\\budget-forecaster\\vendor\\laravel\\framework\\src\\Illuminate\\Container\\BoundMethod.php(34): Illuminate\\Container\\BoundMethod::callBoundMethod(Object(Illuminate\\Foundation\\Application), Array, Object(Closure))
#17 D:\\Projects\\budget-forecaster\\vendor\\laravel\\framework\\src\\Illuminate\\Container\\Container.php(590): Illuminate\\Container\\BoundMethod::call(Object(Illuminate\\Foundation\\Application), Array, Array, NULL)
#18 D:\\Projects\\budget-forecaster\\vendor\\laravel\\framework\\src\\Illuminate\\Foundation\\Application.php(829): Illuminate\\Container\\Container->call(Array)
#19 D:\\Projects\\budget-forecaster\\vendor\\laravel\\framework\\src\\Illuminate\\Foundation\\Application.php(812): Illuminate\\Foundation\\Application->bootProvider(Object(Facade\\Ignition\\IgnitionServiceProvider))
#20 [internal function]: Illuminate\\Foundation\\Application->Illuminate\\Foundation\\{closure}(Object(Facade\\Ignition\\IgnitionServiceProvider), 14)
#21 D:\\Projects\\budget-forecaster\\vendor\\laravel\\framework\\src\\Illuminate\\Foundation\\Application.php(813): array_walk(Array, Object(Closure))
#22 D:\\Projects\\budget-forecaster\\vendor\\laravel\\framework\\src\\Illuminate\\Foundation\\Bootstrap\\BootProviders.php(17): Illuminate\\Foundation\\Application->boot()
#23 D:\\Projects\\budget-forecaster\\vendor\\laravel\\framework\\src\\Illuminate\\Foundation\\Application.php(212): Illuminate\\Foundation\\Bootstrap\\BootProviders->bootstrap(Object(Illuminate\\Foundation\\Application))
#24 D:\\Projects\\budget-forecaster\\vendor\\laravel\\framework\\src\\Illuminate\\Foundation\\Console\\Kernel.php(320): Illuminate\\Foundation\\Application->bootstrapWith(Array)
#25 D:\\Projects\\budget-forecaster\\vendor\\laravel\\framework\\src\\Illuminate\\Foundation\\Console\\Kernel.php(129): Illuminate\\Foundation\\Console\\Kernel->bootstrap()
#26 D:\\Projects\\budget-forecaster\\artisan(37): Illuminate\\Foundation\\Console\\Kernel->handle(Object(Symfony\\Component\\Console\\Input\\ArgvInput), Object(Symfony\\Component\\Console\\Output\\ConsoleOutput))
#27 {main}
"} 
[2019-12-26 14:19:43] production.ERROR: Please provide a valid cache path. {"exception":"[object] (InvalidArgumentException(code: 0): Please provide a valid cache path. at D:\\Projects\\budget-forecaster\\vendor\\laravel\\framework\\src\\Illuminate\\View\\Compilers\\Compiler.php:36)
[stacktrace]
#0 D:\\Projects\\budget-forecaster\\vendor\\laravel\\framework\\src\\Illuminate\\View\\ViewServiceProvider.php(141): Illuminate\\View\\Compilers\\Compiler->__construct(Object(Illuminate\\Filesystem\\Filesystem), false)
#1 D:\\Projects\\budget-forecaster\\vendor\\laravel\\framework\\src\\Illuminate\\Container\\Container.php(799): Illuminate\\View\\ViewServiceProvider->Illuminate\\View\\{closure}(Object(Illuminate\\Foundation\\Application), Array)
#2 D:\\Projects\\budget-forecaster\\vendor\\laravel\\framework\\src\\Illuminate\\Container\\Container.php(681): Illuminate\\Container\\Container->build(Object(Closure))
#3 D:\\Projects\\budget-forecaster\\vendor\\laravel\\framework\\src\\Illuminate\\Container\\Container.php(629): Illuminate\\Container\\Container->resolve('blade.compiler', Array)
#4 D:\\Projects\\budget-forecaster\\vendor\\laravel\\framework\\src\\Illuminate\\Foundation\\Application.php(769): Illuminate\\Container\\Container->make('blade.compiler', Array)
#5 D:\\Projects\\budget-forecaster\\vendor\\laravel\\framework\\src\\Illuminate\\Container\\Container.php(1245): Illuminate\\Foundation\\Application->make('blade.compiler')
#6 D:\\Projects\\budget-forecaster\\vendor\\laravel\\framework\\src\\Illuminate\\View\\ViewServiceProvider.php(146): Illuminate\\Container\\Container->offsetGet('blade.compiler')
#7 [internal function]: Illuminate\\View\\ViewServiceProvider->Illuminate\\View\\{closure}()
#8 D:\\Projects\\budget-forecaster\\vendor\\laravel\\framework\\src\\Illuminate\\View\\Engines\\EngineResolver.php(55): call_user_func(Object(Closure))
#9 D:\\Projects\\budget-forecaster\\vendor\\facade\\ignition\\src\\IgnitionServiceProvider.php(375): Illuminate\\View\\Engines\\EngineResolver->resolve('blade')
#10 D:\\Projects\\budget-forecaster\\vendor\\facade\\ignition\\src\\IgnitionServiceProvider.php(117): Facade\\Ignition\\IgnitionServiceProvider->hasCustomViewEnginesRegistered()
#11 D:\\Projects\\budget-forecaster\\vendor\\facade\\ignition\\src\\IgnitionServiceProvider.php(79): Facade\\Ignition\\IgnitionServiceProvider->registerViewEngines()
#12 [internal function]: Facade\\Ignition\\IgnitionServiceProvider->boot()
#13 D:\\Projects\\budget-forecaster\\vendor\\laravel\\framework\\src\\Illuminate\\Container\\BoundMethod.php(32): call_user_func_array(Array, Array)
#14 D:\\Projects\\budget-forecaster\\vendor\\laravel\\framework\\src\\Illuminate\\Container\\Util.php(36): Illuminate\\Container\\BoundMethod::Illuminate\\Container\\{closure}()
#15 D:\\Projects\\budget-forecaster\\vendor\\laravel\\framework\\src\\Illuminate\\Container\\BoundMethod.php(90): Illuminate\\Container\\Util::unwrapIfClosure(Object(Closure))
#16 D:\\Projects\\budget-forecaster\\vendor\\laravel\\framework\\src\\Illuminate\\Container\\BoundMethod.php(34): Illuminate\\Container\\BoundMethod::callBoundMethod(Object(Illuminate\\Foundation\\Application), Array, Object(Closure))
#17 D:\\Projects\\budget-forecaster\\vendor\\laravel\\framework\\src\\Illuminate\\Container\\Container.php(590): Illuminate\\Container\\BoundMethod::call(Object(Illuminate\\Foundation\\Application), Array, Array, NULL)
#18 D:\\Projects\\budget-forecaster\\vendor\\laravel\\framework\\src\\Illuminate\\Foundation\\Application.php(829): Illuminate\\Container\\Container->call(Array)
#19 D:\\Projects\\budget-forecaster\\vendor\\laravel\\framework\\src\\Illuminate\\Foundation\\Application.php(812): Illuminate\\Foundation\\Application->bootProvider(Object(Facade\\Ignition\\IgnitionServiceProvider))
#20 [internal function]: Illuminate\\Foundation\\Application->Illuminate\\Foundation\\{closure}(Object(Facade\\Ignition\\IgnitionServiceProvider), 14)
#21 D:\\Projects\\budget-forecaster\\vendor\\laravel\\framework\\src\\Illuminate\\Foundation\\Application.php(813): array_walk(Array, Object(Closure))
#22 D:\\Projects\\budget-forecaster\\vendor\\laravel\\framework\\src\\Illuminate\\Foundation\\Bootstrap\\BootProviders.php(17): Illuminate\\Foundation\\Application->boot()
#23 D:\\Projects\\budget-forecaster\\vendor\\laravel\\framework\\src\\Illuminate\\Foundation\\Application.php(212): Illuminate\\Foundation\\Bootstrap\\BootProviders->bootstrap(Object(Illuminate\\Foundation\\Application))
#24 D:\\Projects\\budget-forecaster\\vendor\\laravel\\framework\\src\\Illuminate\\Foundation\\Console\\Kernel.php(320): Illuminate\\Foundation\\Application->bootstrapWith(Array)
#25 D:\\Projects\\budget-forecaster\\vendor\\laravel\\framework\\src\\Illuminate\\Foundation\\Console\\Kernel.php(129): Illuminate\\Foundation\\Console\\Kernel->bootstrap()
#26 D:\\Projects\\budget-forecaster\\artisan(37): Illuminate\\Foundation\\Console\\Kernel->handle(Object(Symfony\\Component\\Console\\Input\\ArgvInput), Object(Symfony\\Component\\Console\\Output\\ConsoleOutput))
#27 {main}
"} 
[2019-12-26 14:21:45] local.ERROR: Please provide a valid cache path. {"exception":"[object] (InvalidArgumentException(code: 0): Please provide a valid cache path. at D:\\Projects\\budget-forecaster\\vendor\\laravel\\framework\\src\\Illuminate\\View\\Compilers\\Compiler.php:36)
[stacktrace]
#0 D:\\Projects\\budget-forecaster\\vendor\\laravel\\framework\\src\\Illuminate\\View\\ViewServiceProvider.php(141): Illuminate\\View\\Compilers\\Compiler->__construct(Object(Illuminate\\Filesystem\\Filesystem), false)
#1 D:\\Projects\\budget-forecaster\\vendor\\laravel\\framework\\src\\Illuminate\\Container\\Container.php(799): Illuminate\\View\\ViewServiceProvider->Illuminate\\View\\{closure}(Object(Illuminate\\Foundation\\Application), Array)
#2 D:\\Projects\\budget-forecaster\\vendor\\laravel\\framework\\src\\Illuminate\\Container\\Container.php(681): Illuminate\\Container\\Container->build(Object(Closure))
#3 D:\\Projects\\budget-forecaster\\vendor\\laravel\\framework\\src\\Illuminate\\Container\\Container.php(629): Illuminate\\Container\\Container->resolve('blade.compiler', Array)
#4 D:\\Projects\\budget-forecaster\\vendor\\laravel\\framework\\src\\Illuminate\\Foundation\\Application.php(769): Illuminate\\Container\\Container->make('blade.compiler', Array)
#5 D:\\Projects\\budget-forecaster\\vendor\\laravel\\framework\\src\\Illuminate\\Container\\Container.php(1245): Illuminate\\Foundation\\Application->make('blade.compiler')
#6 D:\\Projects\\budget-forecaster\\vendor\\laravel\\framework\\src\\Illuminate\\View\\ViewServiceProvider.php(146): Illuminate\\Container\\Container->offsetGet('blade.compiler')
#7 [internal function]: Illuminate\\View\\ViewServiceProvider->Illuminate\\View\\{closure}()
#8 D:\\Projects\\budget-forecaster\\vendor\\laravel\\framework\\src\\Illuminate\\View\\Engines\\EngineResolver.php(55): call_user_func(Object(Closure))
#9 D:\\Projects\\budget-forecaster\\vendor\\facade\\ignition\\src\\IgnitionServiceProvider.php(375): Illuminate\\View\\Engines\\EngineResolver->resolve('blade')
#10 D:\\Projects\\budget-forecaster\\vendor\\facade\\ignition\\src\\IgnitionServiceProvider.php(117): Facade\\Ignition\\IgnitionServiceProvider->hasCustomViewEnginesRegistered()
#11 D:\\Projects\\budget-forecaster\\vendor\\facade\\ignition\\src\\IgnitionServiceProvider.php(79): Facade\\Ignition\\IgnitionServiceProvider->registerViewEngines()
#12 [internal function]: Facade\\Ignition\\IgnitionServiceProvider->boot()
#13 D:\\Projects\\budget-forecaster\\vendor\\laravel\\framework\\src\\Illuminate\\Container\\BoundMethod.php(32): call_user_func_array(Array, Array)
#14 D:\\Projects\\budget-forecaster\\vendor\\laravel\\framework\\src\\Illuminate\\Container\\Util.php(36): Illuminate\\Container\\BoundMethod::Illuminate\\Container\\{closure}()
#15 D:\\Projects\\budget-forecaster\\vendor\\laravel\\framework\\src\\Illuminate\\Container\\BoundMethod.php(90): Illuminate\\Container\\Util::unwrapIfClosure(Object(Closure))
#16 D:\\Projects\\budget-forecaster\\vendor\\laravel\\framework\\src\\Illuminate\\Container\\BoundMethod.php(34): Illuminate\\Container\\BoundMethod::callBoundMethod(Object(Illuminate\\Foundation\\Application), Array, Object(Closure))
#17 D:\\Projects\\budget-forecaster\\vendor\\laravel\\framework\\src\\Illuminate\\Container\\Container.php(590): Illuminate\\Container\\BoundMethod::call(Object(Illuminate\\Foundation\\Application), Array, Array, NULL)
#18 D:\\Projects\\budget-forecaster\\vendor\\laravel\\framework\\src\\Illuminate\\Foundation\\Application.php(829): Illuminate\\Container\\Container->call(Array)
#19 D:\\Projects\\budget-forecaster\\vendor\\laravel\\framework\\src\\Illuminate\\Foundation\\Application.php(812): Illuminate\\Foundation\\Application->bootProvider(Object(Facade\\Ignition\\IgnitionServiceProvider))
#20 [internal function]: Illuminate\\Foundation\\Application->Illuminate\\Foundation\\{closure}(Object(Facade\\Ignition\\IgnitionServiceProvider), 14)
#21 D:\\Projects\\budget-forecaster\\vendor\\laravel\\framework\\src\\Illuminate\\Foundation\\Application.php(813): array_walk(Array, Object(Closure))
#22 D:\\Projects\\budget-forecaster\\vendor\\laravel\\framework\\src\\Illuminate\\Foundation\\Bootstrap\\BootProviders.php(17): Illuminate\\Foundation\\Application->boot()
#23 D:\\Projects\\budget-forecaster\\vendor\\laravel\\framework\\src\\Illuminate\\Foundation\\Application.php(212): Illuminate\\Foundation\\Bootstrap\\BootProviders->bootstrap(Object(Illuminate\\Foundation\\Application))
#24 D:\\Projects\\budget-forecaster\\vendor\\laravel\\framework\\src\\Illuminate\\Foundation\\Console\\Kernel.php(320): Illuminate\\Foundation\\Application->bootstrapWith(Array)
#25 D:\\Projects\\budget-forecaster\\vendor\\laravel\\framework\\src\\Illuminate\\Foundation\\Console\\Kernel.php(129): Illuminate\\Foundation\\Console\\Kernel->bootstrap()
#26 D:\\Projects\\budget-forecaster\\artisan(37): Illuminate\\Foundation\\Console\\Kernel->handle(Object(Symfony\\Component\\Console\\Input\\ArgvInput), Object(Symfony\\Component\\Console\\Output\\ConsoleOutput))
#27 {main}
"} 
[2019-12-26 15:22:19] local.ERROR: Please provide a valid cache path. {"exception":"[object] (InvalidArgumentException(code: 0): Please provide a valid cache path. at D:\\Projects\\budget-forecaster\\vendor\\laravel\\framework\\src\\Illuminate\\View\\Compilers\\Compiler.php:36)
[stacktrace]
#0 D:\\Projects\\budget-forecaster\\vendor\\laravel\\framework\\src\\Illuminate\\View\\ViewServiceProvider.php(141): Illuminate\\View\\Compilers\\Compiler->__construct(Object(Illuminate\\Filesystem\\Filesystem), false)
#1 D:\\Projects\\budget-forecaster\\vendor\\laravel\\framework\\src\\Illuminate\\Container\\Container.php(799): Illuminate\\View\\ViewServiceProvider->Illuminate\\View\\{closure}(Object(Illuminate\\Foundation\\Application), Array)
#2 D:\\Projects\\budget-forecaster\\vendor\\laravel\\framework\\src\\Illuminate\\Container\\Container.php(681): Illuminate\\Container\\Container->build(Object(Closure))
#3 D:\\Projects\\budget-forecaster\\vendor\\laravel\\framework\\src\\Illuminate\\Container\\Container.php(629): Illuminate\\Container\\Container->resolve('blade.compiler', Array)
#4 D:\\Projects\\budget-forecaster\\vendor\\laravel\\framework\\src\\Illuminate\\Foundation\\Application.php(769): Illuminate\\Container\\Container->make('blade.compiler', Array)
#5 D:\\Projects\\budget-forecaster\\vendor\\laravel\\framework\\src\\Illuminate\\Container\\Container.php(1245): Illuminate\\Foundation\\Application->make('blade.compiler')
#6 D:\\Projects\\budget-forecaster\\vendor\\laravel\\framework\\src\\Illuminate\\View\\ViewServiceProvider.php(146): Illuminate\\Container\\Container->offsetGet('blade.compiler')
#7 [internal function]: Illuminate\\View\\ViewServiceProvider->Illuminate\\View\\{closure}()
#8 D:\\Projects\\budget-forecaster\\vendor\\laravel\\framework\\src\\Illuminate\\View\\Engines\\EngineResolver.php(55): call_user_func(Object(Closure))
#9 D:\\Projects\\budget-forecaster\\vendor\\facade\\ignition\\src\\IgnitionServiceProvider.php(375): Illuminate\\View\\Engines\\EngineResolver->resolve('blade')
#10 D:\\Projects\\budget-forecaster\\vendor\\facade\\ignition\\src\\IgnitionServiceProvider.php(117): Facade\\Ignition\\IgnitionServiceProvider->hasCustomViewEnginesRegistered()
#11 D:\\Projects\\budget-forecaster\\vendor\\facade\\ignition\\src\\IgnitionServiceProvider.php(79): Facade\\Ignition\\IgnitionServiceProvider->registerViewEngines()
#12 [internal function]: Facade\\Ignition\\IgnitionServiceProvider->boot()
#13 D:\\Projects\\budget-forecaster\\vendor\\laravel\\framework\\src\\Illuminate\\Container\\BoundMethod.php(32): call_user_func_array(Array, Array)
#14 D:\\Projects\\budget-forecaster\\vendor\\laravel\\framework\\src\\Illuminate\\Container\\Util.php(36): Illuminate\\Container\\BoundMethod::Illuminate\\Container\\{closure}()
#15 D:\\Projects\\budget-forecaster\\vendor\\laravel\\framework\\src\\Illuminate\\Container\\BoundMethod.php(90): Illuminate\\Container\\Util::unwrapIfClosure(Object(Closure))
#16 D:\\Projects\\budget-forecaster\\vendor\\laravel\\framework\\src\\Illuminate\\Container\\BoundMethod.php(34): Illuminate\\Container\\BoundMethod::callBoundMethod(Object(Illuminate\\Foundation\\Application), Array, Object(Closure))
#17 D:\\Projects\\budget-forecaster\\vendor\\laravel\\framework\\src\\Illuminate\\Container\\Container.php(590): Illuminate\\Container\\BoundMethod::call(Object(Illuminate\\Foundation\\Application), Array, Array, NULL)
#18 D:\\Projects\\budget-forecaster\\vendor\\laravel\\framework\\src\\Illuminate\\Foundation\\Application.php(829): Illuminate\\Container\\Container->call(Array)
#19 D:\\Projects\\budget-forecaster\\vendor\\laravel\\framework\\src\\Illuminate\\Foundation\\Application.php(812): Illuminate\\Foundation\\Application->bootProvider(Object(Facade\\Ignition\\IgnitionServiceProvider))
#20 [internal function]: Illuminate\\Foundation\\Application->Illuminate\\Foundation\\{closure}(Object(Facade\\Ignition\\IgnitionServiceProvider), 14)
#21 D:\\Projects\\budget-forecaster\\vendor\\laravel\\framework\\src\\Illuminate\\Foundation\\Application.php(813): array_walk(Array, Object(Closure))
#22 D:\\Projects\\budget-forecaster\\vendor\\laravel\\framework\\src\\Illuminate\\Foundation\\Bootstrap\\BootProviders.php(17): Illuminate\\Foundation\\Application->boot()
#23 D:\\Projects\\budget-forecaster\\vendor\\laravel\\framework\\src\\Illuminate\\Foundation\\Application.php(212): Illuminate\\Foundation\\Bootstrap\\BootProviders->bootstrap(Object(Illuminate\\Foundation\\Application))
#24 D:\\Projects\\budget-forecaster\\vendor\\laravel\\framework\\src\\Illuminate\\Foundation\\Console\\Kernel.php(320): Illuminate\\Foundation\\Application->bootstrapWith(Array)
#25 D:\\Projects\\budget-forecaster\\vendor\\laravel\\framework\\src\\Illuminate\\Foundation\\Console\\Kernel.php(129): Illuminate\\Foundation\\Console\\Kernel->bootstrap()
#26 D:\\Projects\\budget-forecaster\\artisan(37): Illuminate\\Foundation\\Console\\Kernel->handle(Object(Symfony\\Component\\Console\\Input\\ArgvInput), Object(Symfony\\Component\\Console\\Output\\ConsoleOutput))
#27 {main}
"} 
[2019-12-26 16:09:17] local.ERROR: Please provide a valid cache path. {"exception":"[object] (InvalidArgumentException(code: 0): Please provide a valid cache path. at D:\\Projects\\budget-forecaster\\vendor\\laravel\\framework\\src\\Illuminate\\View\\Compilers\\Compiler.php:36)
[stacktrace]
#0 D:\\Projects\\budget-forecaster\\vendor\\laravel\\framework\\src\\Illuminate\\View\\ViewServiceProvider.php(141): Illuminate\\View\\Compilers\\Compiler->__construct(Object(Illuminate\\Filesystem\\Filesystem), false)
#1 D:\\Projects\\budget-forecaster\\vendor\\laravel\\framework\\src\\Illuminate\\Container\\Container.php(799): Illuminate\\View\\ViewServiceProvider->Illuminate\\View\\{closure}(Object(Illuminate\\Foundation\\Application), Array)
#2 D:\\Projects\\budget-forecaster\\vendor\\laravel\\framework\\src\\Illuminate\\Container\\Container.php(681): Illuminate\\Container\\Container->build(Object(Closure))
#3 D:\\Projects\\budget-forecaster\\vendor\\laravel\\framework\\src\\Illuminate\\Container\\Container.php(629): Illuminate\\Container\\Container->resolve('blade.compiler', Array)
#4 D:\\Projects\\budget-forecaster\\vendor\\laravel\\framework\\src\\Illuminate\\Foundation\\Application.php(769): Illuminate\\Container\\Container->make('blade.compiler', Array)
#5 D:\\Projects\\budget-forecaster\\vendor\\laravel\\framework\\src\\Illuminate\\Container\\Container.php(1245): Illuminate\\Foundation\\Application->make('blade.compiler')
#6 D:\\Projects\\budget-forecaster\\vendor\\laravel\\framework\\src\\Illuminate\\View\\ViewServiceProvider.php(146): Illuminate\\Container\\Container->offsetGet('blade.compiler')
#7 [internal function]: Illuminate\\View\\ViewServiceProvider->Illuminate\\View\\{closure}()
#8 D:\\Projects\\budget-forecaster\\vendor\\laravel\\framework\\src\\Illuminate\\View\\Engines\\EngineResolver.php(55): call_user_func(Object(Closure))
#9 D:\\Projects\\budget-forecaster\\vendor\\facade\\ignition\\src\\IgnitionServiceProvider.php(375): Illuminate\\View\\Engines\\EngineResolver->resolve('blade')
#10 D:\\Projects\\budget-forecaster\\vendor\\facade\\ignition\\src\\IgnitionServiceProvider.php(117): Facade\\Ignition\\IgnitionServiceProvider->hasCustomViewEnginesRegistered()
#11 D:\\Projects\\budget-forecaster\\vendor\\facade\\ignition\\src\\IgnitionServiceProvider.php(79): Facade\\Ignition\\IgnitionServiceProvider->registerViewEngines()
#12 [internal function]: Facade\\Ignition\\IgnitionServiceProvider->boot()
#13 D:\\Projects\\budget-forecaster\\vendor\\laravel\\framework\\src\\Illuminate\\Container\\BoundMethod.php(32): call_user_func_array(Array, Array)
#14 D:\\Projects\\budget-forecaster\\vendor\\laravel\\framework\\src\\Illuminate\\Container\\Util.php(36): Illuminate\\Container\\BoundMethod::Illuminate\\Container\\{closure}()
#15 D:\\Projects\\budget-forecaster\\vendor\\laravel\\framework\\src\\Illuminate\\Container\\BoundMethod.php(90): Illuminate\\Container\\Util::unwrapIfClosure(Object(Closure))
#16 D:\\Projects\\budget-forecaster\\vendor\\laravel\\framework\\src\\Illuminate\\Container\\BoundMethod.php(34): Illuminate\\Container\\BoundMethod::callBoundMethod(Object(Illuminate\\Foundation\\Application), Array, Object(Closure))
#17 D:\\Projects\\budget-forecaster\\vendor\\laravel\\framework\\src\\Illuminate\\Container\\Container.php(590): Illuminate\\Container\\BoundMethod::call(Object(Illuminate\\Foundation\\Application), Array, Array, NULL)
#18 D:\\Projects\\budget-forecaster\\vendor\\laravel\\framework\\src\\Illuminate\\Foundation\\Application.php(829): Illuminate\\Container\\Container->call(Array)
#19 D:\\Projects\\budget-forecaster\\vendor\\laravel\\framework\\src\\Illuminate\\Foundation\\Application.php(812): Illuminate\\Foundation\\Application->bootProvider(Object(Facade\\Ignition\\IgnitionServiceProvider))
#20 [internal function]: Illuminate\\Foundation\\Application->Illuminate\\Foundation\\{closure}(Object(Facade\\Ignition\\IgnitionServiceProvider), 14)
#21 D:\\Projects\\budget-forecaster\\vendor\\laravel\\framework\\src\\Illuminate\\Foundation\\Application.php(813): array_walk(Array, Object(Closure))
#22 D:\\Projects\\budget-forecaster\\vendor\\laravel\\framework\\src\\Illuminate\\Foundation\\Bootstrap\\BootProviders.php(17): Illuminate\\Foundation\\Application->boot()
#23 D:\\Projects\\budget-forecaster\\vendor\\laravel\\framework\\src\\Illuminate\\Foundation\\Application.php(212): Illuminate\\Foundation\\Bootstrap\\BootProviders->bootstrap(Object(Illuminate\\Foundation\\Application))
#24 D:\\Projects\\budget-forecaster\\vendor\\laravel\\framework\\src\\Illuminate\\Foundation\\Console\\Kernel.php(320): Illuminate\\Foundation\\Application->bootstrapWith(Array)
#25 D:\\Projects\\budget-forecaster\\vendor\\laravel\\framework\\src\\Illuminate\\Foundation\\Console\\Kernel.php(129): Illuminate\\Foundation\\Console\\Kernel->bootstrap()
#26 D:\\Projects\\budget-forecaster\\artisan(37): Illuminate\\Foundation\\Console\\Kernel->handle(Object(Symfony\\Component\\Console\\Input\\ArgvInput), Object(Symfony\\Component\\Console\\Output\\ConsoleOutput))
#27 {main}
"} 
